[    4777ms] [LOG] 2024/1/19 @ https://gbfek.dfcfw.com/deploy/fd_quote_editor/work/editor.js:21
[    6907ms] [LOG] el JSHandle@node @ https://gbfek.eastmoney.com/deploy/article_list/work/article_list.js:21
[    6909ms] [LOG] execute app @ https://gbfek.eastmoney.com/deploy/article_list/work/article_list.js:21
[    6911ms] [LOG] script.src https://gbapi.eastmoney.com/webarticlelist/api/Article/Articlelist?code=300093&sorttype=1&ps=36&from=CommonBaPost&deviceid=quoteweb&version=200&product=Guba&plat=Web&needzd=true&callback=jsonp_1776443608800_89869egu8nu @ https://gbfek.eastmoney.com/deploy/article_list/work/article_list.js:21
[    9978ms] Object
[   10368ms] [LOG] json.re [Object, Object, Object, Object, Object, Object, Object, Object, Object, Object, Object, Object, Object, Object, Object, Object, Object, Object, Object, Object, Object, Object, Object, Object, Object, Object, Object, Object, Object, Object, Object, Object, Object, Object, Object, Object] @ https://gbfek.eastmoney.com/deploy/article_list/work/article_list.js:21
[   10368ms] [LOG] tempData {data: Array(18), stockbar_code: 300093, view_more_url: http://guba.eastmoney.com/list,300093.html, view_more_url_f: http://guba.eastmoney.com/list,300093,f.html, view_more_ba_name: *ST金刚} @ https://gbfek.eastmoney.com/deploy/article_list/work/article_list.js:21
[   10369ms] [LOG] execute app @ https://gbfek.eastmoney.com/deploy/article_list/work/article_list.js:21
[   10369ms] [LOG] execute app @ https://gbfek.eastmoney.com/deploy/article_list/work/article_list.js:21
[   10370ms] [LOG] execute app @ https://gbfek.eastmoney.com/deploy/article_list/work/article_list.js:21
[   10370ms] [LOG] execute app @ https://gbfek.eastmoney.com/deploy/article_list/work/article_list.js:21
[   10370ms] [LOG] execute app @ https://gbfek.eastmoney.com/deploy/article_list/work/article_list.js:21
[   10370ms] [LOG] execute app @ https://gbfek.eastmoney.com/deploy/article_list/work/article_list.js:21
[   10370ms] [LOG] execute app @ https://gbfek.eastmoney.com/deploy/article_list/work/article_list.js:21
[   10370ms] [LOG] execute app @ https://gbfek.eastmoney.com/deploy/article_list/work/article_list.js:21
[   10370ms] [LOG] execute app @ https://gbfek.eastmoney.com/deploy/article_list/work/article_list.js:21
[   10371ms] [LOG] post_title:对子顶 reply:3 @ https://gbfek.eastmoney.com/deploy/article_list/work/article_list.js:21
[   10371ms] [LOG] post_title:周一撤销ST，明牌了，直接涨停，参考创业板新规利 reply:9 @ https://gbfek.eastmoney.com/deploy/article_list/work/article_list.js:21
[   10371ms] [LOG] post_title:@妙想金刚光伏是从哪一天开始申请摘帽？交易所在什 reply:1 @ https://gbfek.eastmoney.com/deploy/article_list/work/article_list.js:21
[   10371ms] [LOG] post_title:机构调研丨锂矿概念+锂电池+小金属 这家公司积极 reply:27 @ https://gbfek.eastmoney.com/deploy/article_list/work/article_list.js:21
[   10371ms] [LOG] post_title:22.90有没有机会回请各位大神指导一下？？？？ reply:2 @ https://gbfek.eastmoney.com/deploy/article_list/work/article_list.js:21
[   10371ms] [LOG] post_title:@妙想公司申请撤销ST需要停牌一天吗？公司与主营 reply:2 @ https://gbfek.eastmoney.com/deploy/article_list/work/article_list.js:21
[   10371ms] [LOG] post_title:金刚摘帽后随着算力推进，估计能涨到100 reply:3 @ https://gbfek.eastmoney.com/deploy/article_list/work/article_list.js:21
[   10371ms] [LOG] post_title:来三个一字涨停板，可好？ reply:3 @ https://gbfek.eastmoney.com/deploy/article_list/work/article_list.js:21
[   10371ms] [LOG] post_title:*ST金刚：北京通州算力项目获能耗批复规划超10 reply:1 @ https://gbfek.eastmoney.com/deploy/article_list/work/article_list.js:21
[   10371ms] [LOG] post_title:今晚有没有通知休息一天啊 reply:0 @ https://gbfek.eastmoney.com/deploy/article_list/work/article_list.js:21
[   10371ms] [LOG] post_title:金刚啊，你能回18块吗？ reply:1 @ https://gbfek.eastmoney.com/deploy/article_list/work/article_list.js:21
[   10371ms] [LOG] post_title:第一波目标30个棒棒棒糖 reply:4 @ https://gbfek.eastmoney.com/deploy/article_list/work/article_list.js:21
[   10371ms] [LOG] post_title:突破30元的节奏 reply:1 @ https://gbfek.eastmoney.com/deploy/article_list/work/article_list.js:21
[   10371ms] [LOG] post_title:板块上去了，刚子冲啊 reply:0 @ https://gbfek.eastmoney.com/deploy/article_list/work/article_list.js:21
[   10371ms] [LOG] post_title:能不能看一下圣阳 reply:0 @ https://gbfek.eastmoney.com/deploy/article_list/work/article_list.js:21
[   10371ms] [LOG] post_title:又开始套人了 reply:0 @ https://gbfek.eastmoney.com/deploy/article_list/work/article_list.js:21
[   10371ms] [LOG] post_title:明天早盘是最后一刻的上车机会 reply:3 @ https://gbfek.eastmoney.com/deploy/article_list/work/article_list.js:21
[   10371ms] [LOG] post_title:*ST金刚:300093*ST金刚投资者关系管理 reply:1 @ https://gbfek.eastmoney.com/deploy/article_list/work/article_list.js:21
[   12791ms] Object
[   12877ms] Uncaught ReferenceError: jQuery35107765595299813881_1776443604423 is not defined
    at <anonymous> (https://push2.eastmoney.com/api/qt/stock/get?invt=2&fltt=1&cb=jQuery35107765595299813881_1776443604423&fields=f58%2Cf734%2Cf107%2Cf57%2Cf43%2Cf59%2Cf169%2Cf301%2Cf60%2Cf170%2Cf152%2Cf177%2Cf111%2Cf46%2Cf44%2Cf45%2Cf47%2Cf260%2Cf48%2Cf261%2Cf279%2Cf277%2Cf278%2Cf288%2Cf19%2Cf17%2Cf531%2Cf15%2Cf13%2Cf11%2Cf20%2Cf18%2Cf16%2Cf14%2Cf12%2Cf39%2Cf37%2Cf35%2Cf33%2Cf31%2Cf40%2Cf38%2Cf36%2Cf34%2Cf32%2Cf211%2Cf212%2Cf213%2Cf214%2Cf215%2Cf210%2Cf209%2Cf208%2Cf207%2Cf206%2Cf161%2Cf49%2Cf171%2Cf50%2Cf86%2Cf84%2Cf85%2Cf168%2Cf108%2Cf116%2Cf167%2Cf164%2Cf162%2Cf163%2Cf92%2Cf71%2Cf117%2Cf292%2Cf51%2Cf52%2Cf191%2Cf192%2Cf262%2Cf294%2Cf181%2Cf295%2Cf269%2Cf270%2Cf256%2Cf257%2Cf285%2Cf286%2Cf748%2Cf747&secid=0.300093&ut=fa5fd1943c7b386f172d6893dbfba10b&wbp2u=%7C0%7C0%7C0%7Cweb&dect=1&_=1776443604424:0:0)
[   12968ms] Object
[   12968ms] Object
[   14368ms] [ERROR] Failed to load resource: the server responded with a status of 403 (Forbidden) @ https://anonflow2.eastmoney.com/ewtsdk/ewtsdk.prod.js?ver=20251128:0
[   14841ms] Uncaught ReferenceError: jQuery35107765595299813881_1776443604443 is not defined
    at <anonymous> (https://push2.eastmoney.com/api/qt/stock/get?invt=2&fltt=1&cb=jQuery35107765595299813881_1776443604443&fields=f138%2Cf139%2Cf141%2Cf142%2Cf144%2Cf145%2Cf147%2Cf148%2Cf137%2Cf193%2Cf152%2Cf140%2Cf194%2Cf143%2Cf195%2Cf146%2Cf196%2Cf149%2Cf197&secid=0.300093&ut=fa5fd1943c7b386f172d6893dbfba10b&wbp2u=%7C0%7C0%7C0%7Cweb&dect=1&_=1776443604444:0:0)
[   15474ms] Uncaught ReferenceError: jQuery35107765595299813881_1776443604451 is not defined
    at <anonymous> (https://push2.eastmoney.com/api/qt/stock/get?invt=2&fltt=1&cb=jQuery35107765595299813881_1776443604451&fields=f57%2Cf107%2Cf162%2Cf152%2Cf167%2Cf92%2Cf59%2Cf183%2Cf184%2Cf105%2Cf185%2Cf186%2Cf187%2Cf173%2Cf188%2Cf84%2Cf116%2Cf85%2Cf117%2Cf190%2Cf189%2Cf62%2Cf55&secid=0.300093&ut=fa5fd1943c7b386f172d6893dbfba10b&wbp2u=%7C0%7C0%7C0%7Cweb&dect=1&_=1776443604452:0:0)
[   15880ms] Uncaught ReferenceError: jQuery35107765595299813881_1776443604449 is not defined
    at <anonymous> (https://push2.eastmoney.com/api/qt/stock/get?invt=2&fltt=1&cb=jQuery35107765595299813881_1776443604449&fields=f262%2Cf263%2Cf286%2Cf285%2Cf257%2Cf256%2Cf270%2Cf269%2Cf748%2Cf747&secid=0.300093&ut=fa5fd1943c7b386f172d6893dbfba10b&wbp2u=%7C0%7C0%7C0%7Cweb&dect=1&_=1776443604450:0:0)
[   17904ms] Uncaught ReferenceError: jQuery35107765595299813881_1776443604470 is not defined
    at <anonymous> (https://push2.eastmoney.com/api/qt/stock/get?ut=fa5fd1943c7b386f172d6893dbfba10b&invt=2&fltt=2&fields=f138,f139,f141,f142,f144,f145,f147,f148&secid=0.300093&cb=jQuery35107765595299813881_1776443604470&_=1776443604471:0:0)
[   18918ms] Uncaught ReferenceError: jQuery35107765595299813881_1776443604472 is not defined
    at <anonymous> (https://push2.eastmoney.com/api/qt/stock/fflow/kline/get?lmt=0&klt=1&secid=0.300093&fields1=f1,f2,f3,f7&fields2=f51,f52,f53,f54,f55,f56&ut=fa5fd1943c7b386f172d6893dbfba10b&cb=jQuery35107765595299813881_1776443604472&_=1776443604473:0:0)
