[     112ms] [LOG] [Fast Refresh] rebuilding @ http://localhost:47823/_next/static/chunks/node_modules_next_dist_115brz8._.js:2431
[    1037ms] [LOG] [Fast Refresh] done in 1025ms @ http://localhost:47823/_next/static/chunks/node_modules_next_dist_115brz8._.js:2431
[    1198ms] [INFO] %cDownload the React DevTools for a better development experience: https://react.dev/link/react-devtools font-weight:bold @ http://localhost:47823/_next/static/chunks/node_modules_next_dist_115brz8._.js:2431
[    1206ms] [LOG] [HMR] connected @ http://localhost:47823/_next/static/chunks/node_modules_next_dist_115brz8._.js:2431
[    1449ms] [LOG] [Fast Refresh] rebuilding @ http://localhost:47823/_next/static/chunks/node_modules_next_dist_115brz8._.js:2431
[    1460ms] [LOG] [Fast Refresh] done in 113ms @ http://localhost:47823/_next/static/chunks/node_modules_next_dist_115brz8._.js:2431
[    1567ms] [LOG] [Fast Refresh] rebuilding @ http://localhost:47823/_next/static/chunks/node_modules_next_dist_115brz8._.js:2431
[    1579ms] [LOG] [Fast Refresh] done in 113ms @ http://localhost:47823/_next/static/chunks/node_modules_next_dist_115brz8._.js:2431
[    1900ms] [WARNING] An iframe which has both allow-scripts and allow-same-origin for its sandbox attribute can escape its sandboxing. @ about:srcdoc:0
[    1993ms] [LOG] [Fast Refresh] rebuilding @ http://localhost:47823/_next/static/chunks/node_modules_next_dist_115brz8._.js:2431
[    2015ms] [LOG] [Fast Refresh] done in 123ms @ http://localhost:47823/_next/static/chunks/node_modules_next_dist_115brz8._.js:2431
[    2159ms] [LOG] [Fast Refresh] rebuilding @ http://localhost:47823/_next/static/chunks/node_modules_next_dist_115brz8._.js:2431
[    2323ms] SyntaxError: Failed to execute 'appendChild' on 'Node': Unexpected identifier 'padding'
    at _appendInline (about:srcdoc:545:6)
    at HTMLScriptElement._onCdnDone (about:srcdoc:557:49)
[    2741ms] [LOG] [Fast Refresh] done in 685ms @ http://localhost:47823/_next/static/chunks/node_modules_next_dist_115brz8._.js:2431
[   12507ms] [LOG] [Fast Refresh] rebuilding @ http://localhost:47823/_next/static/chunks/node_modules_next_dist_115brz8._.js:2431
[   12527ms] [LOG] [Fast Refresh] done in 121ms @ http://localhost:47823/_next/static/chunks/node_modules_next_dist_115brz8._.js:2431
[   21219ms] [WARNING] An iframe which has both allow-scripts and allow-same-origin for its sandbox attribute can escape its sandboxing. @ about:srcdoc:0
[   21224ms] SyntaxError: Failed to execute 'appendChild' on 'Node': Unexpected identifier 'padding'
    at _appendInline (about:srcdoc:545:6)
    at HTMLScriptElement._onCdnDone (about:srcdoc:557:49)
[   57851ms] [LOG] [Fast Refresh] rebuilding @ http://localhost:47823/_next/static/chunks/node_modules_next_dist_115brz8._.js:2431
[   57861ms] [LOG] [Fast Refresh] done in 112ms @ http://localhost:47823/_next/static/chunks/node_modules_next_dist_115brz8._.js:2431
