[    5855ms] [INFO] %cDownload the React DevTools for a better development experience: https://react.dev/link/react-devtools font-weight:bold @ http://localhost:63927/_next/static/chunks/node_modules_next_dist_115brz8._.js:2431
[    5967ms] [LOG] [HMR] connected @ http://localhost:63927/_next/static/chunks/node_modules_next_dist_115brz8._.js:2431
[    6103ms] [LOG] [Fast Refresh] rebuilding @ http://localhost:63927/_next/static/chunks/node_modules_next_dist_115brz8._.js:2431
[    6564ms] [ERROR] Failed to load resource: the server responded with a status of 500 (Internal Server Error) @ http://localhost:63927/api/settings/workspace:0
[    6574ms] [LOG] [Fast Refresh] done in 572ms @ http://localhost:63927/_next/static/chunks/node_modules_next_dist_115brz8._.js:2431
[    6630ms] [ERROR] Failed to load resource: the server responded with a status of 500 (Internal Server Error) @ http://localhost:63927/api/providers/options?providerId=env:0
[    6675ms] [ERROR] Failed to load resource: the server responded with a status of 500 (Internal Server Error) @ http://localhost:63927/api/providers/options?providerId=__global__:0
[    6709ms] [ERROR] Failed to load resource: the server responded with a status of 500 (Internal Server Error) @ http://localhost:63927/api/providers/models:0
[    6731ms] [ERROR] Failed to load resource: the server responded with a status of 500 (Internal Server Error) @ http://localhost:63927/api/chat/sessions:0
[    6745ms] [ERROR] Failed to load resource: the server responded with a status of 500 (Internal Server Error) @ http://localhost:63927/api/settings/workspace:0
[    6787ms] [ERROR] Failed to load resource: the server responded with a status of 500 (Internal Server Error) @ http://localhost:63927/api/providers/options?providerId=__global__:0
[    6805ms] [ERROR] Failed to load resource: the server responded with a status of 500 (Internal Server Error) @ http://localhost:63927/api/providers/models:0
[    6839ms] [LOG] [Fast Refresh] rebuilding @ http://localhost:63927/_next/static/chunks/node_modules_next_dist_115brz8._.js:2431
[    6842ms] [ERROR] Failed to load resource: the server responded with a status of 500 (Internal Server Error) @ http://localhost:63927/api/providers/options?providerId=__global__:0
[    6955ms] [ERROR] Failed to load resource: the server responded with a status of 500 (Internal Server Error) @ http://localhost:63927/api/setup:0
[    6987ms] [LOG] [Fast Refresh] done in 249ms @ http://localhost:63927/_next/static/chunks/node_modules_next_dist_115brz8._.js:2431
[    7005ms] [ERROR] Failed to load resource: the server responded with a status of 500 (Internal Server Error) @ http://localhost:63927/api/settings/app:0
[    7069ms] [ERROR] Failed to load resource: the server responded with a status of 500 (Internal Server Error) @ http://localhost:63927/api/providers/models:0
[    7076ms] [ERROR] Failed to load resource: the server responded with a status of 500 (Internal Server Error) @ http://localhost:63927/api/setup:0
[    7083ms] [ERROR] Failed to load resource: the server responded with a status of 500 (Internal Server Error) @ http://localhost:63927/api/settings/app:0
[    7089ms] [ERROR] Failed to load resource: the server responded with a status of 500 (Internal Server Error) @ http://localhost:63927/api/setup:0
[   11027ms] [ERROR] Failed to load resource: the server responded with a status of 500 (Internal Server Error) @ http://localhost:63927/api/chat/sessions:0
[   11155ms] [LOG] [Fast Refresh] rebuilding @ http://localhost:63927/_next/static/chunks/node_modules_next_dist_115brz8._.js:2431
[   11171ms] [LOG] [Fast Refresh] done in 117ms @ http://localhost:63927/_next/static/chunks/node_modules_next_dist_115brz8._.js:2431
[   16026ms] [ERROR] Failed to load resource: the server responded with a status of 500 (Internal Server Error) @ http://localhost:63927/api/chat/sessions:0
[   21029ms] [ERROR] Failed to load resource: the server responded with a status of 500 (Internal Server Error) @ http://localhost:63927/api/chat/sessions:0
[   26025ms] [ERROR] Failed to load resource: the server responded with a status of 500 (Internal Server Error) @ http://localhost:63927/api/chat/sessions:0
[   31028ms] [ERROR] Failed to load resource: the server responded with a status of 500 (Internal Server Error) @ http://localhost:63927/api/chat/sessions:0
[   36028ms] [ERROR] Failed to load resource: the server responded with a status of 500 (Internal Server Error) @ http://localhost:63927/api/chat/sessions:0
[   41031ms] [ERROR] Failed to load resource: the server responded with a status of 500 (Internal Server Error) @ http://localhost:63927/api/chat/sessions:0
[   46028ms] [ERROR] Failed to load resource: the server responded with a status of 500 (Internal Server Error) @ http://localhost:63927/api/chat/sessions:0
[   51030ms] [ERROR] Failed to load resource: the server responded with a status of 500 (Internal Server Error) @ http://localhost:63927/api/chat/sessions:0
[   56029ms] [ERROR] Failed to load resource: the server responded with a status of 500 (Internal Server Error) @ http://localhost:63927/api/chat/sessions:0
