[      69ms] [INFO] %cDownload the React DevTools for a better development experience: https://react.dev/link/react-devtools font-weight:bold @ http://localhost:47823/_next/static/chunks/node_modules_next_dist_115brz8._.js:2431
[      77ms] [LOG] [HMR] connected @ http://localhost:47823/_next/static/chunks/node_modules_next_dist_115brz8._.js:2431
[     271ms] [LOG] [Fast Refresh] rebuilding @ http://localhost:47823/_next/static/chunks/node_modules_next_dist_115brz8._.js:2431
[     274ms] [LOG] [Fast Refresh] done in 187ms @ http://localhost:47823/_next/static/chunks/node_modules_next_dist_115brz8._.js:2431
[     379ms] [LOG] [Fast Refresh] rebuilding @ http://localhost:47823/_next/static/chunks/node_modules_next_dist_115brz8._.js:2431
[     558ms] [LOG] [Fast Refresh] done in 250ms @ http://localhost:47823/_next/static/chunks/node_modules_next_dist_115brz8._.js:2431
[   18000ms] [LOG] [Fast Refresh] rebuilding @ http://localhost:47823/_next/static/chunks/node_modules_next_dist_115brz8._.js:2431
[   18020ms] [LOG] [Fast Refresh] done in 121ms @ http://localhost:47823/_next/static/chunks/node_modules_next_dist_115brz8._.js:2431
[   42731ms] [LOG] [Fast Refresh] rebuilding @ http://localhost:47823/_next/static/chunks/node_modules_next_dist_115brz8._.js:2431
[   42746ms] [LOG] [Fast Refresh] done in 115ms @ http://localhost:47823/_next/static/chunks/node_modules_next_dist_115brz8._.js:2431
[   57940ms] [LOG] [Fast Refresh] rebuilding @ http://localhost:47823/_next/static/chunks/node_modules_next_dist_115brz8._.js:2431
[   57953ms] [LOG] [Fast Refresh] done in 114ms @ http://localhost:47823/_next/static/chunks/node_modules_next_dist_115brz8._.js:2431
[   66744ms] [LOG] [Fast Refresh] rebuilding @ http://localhost:47823/_next/static/chunks/node_modules_next_dist_115brz8._.js:2431
[   66751ms] [LOG] [Fast Refresh] done in 109ms @ http://localhost:47823/_next/static/chunks/node_modules_next_dist_115brz8._.js:2431
[   74808ms] [LOG] [Fast Refresh] rebuilding @ http://localhost:47823/_next/static/chunks/node_modules_next_dist_115brz8._.js:2431
[   74815ms] [LOG] [Fast Refresh] done in 107ms @ http://localhost:47823/_next/static/chunks/node_modules_next_dist_115brz8._.js:2431
[   85605ms] [LOG] [Fast Refresh] rebuilding @ http://localhost:47823/_next/static/chunks/node_modules_next_dist_115brz8._.js:2431
[   85613ms] [LOG] [Fast Refresh] done in 109ms @ http://localhost:47823/_next/static/chunks/node_modules_next_dist_115brz8._.js:2431
[   93155ms] [LOG] [Fast Refresh] rebuilding @ http://localhost:47823/_next/static/chunks/node_modules_next_dist_115brz8._.js:2431
[   93156ms] [LOG] [Fast Refresh] done in 102ms @ http://localhost:47823/_next/static/chunks/node_modules_next_dist_115brz8._.js:2431
[  105076ms] [LOG] [Fast Refresh] rebuilding @ http://localhost:47823/_next/static/chunks/node_modules_next_dist_115brz8._.js:2431
[  105082ms] [LOG] [Fast Refresh] done in 106ms @ http://localhost:47823/_next/static/chunks/node_modules_next_dist_115brz8._.js:2431
[  121907ms] [LOG] hidden h-full shrink-0 flex-col overflow-hidden bg-sidebar/80 backdrop-blur-xl lg:flex @ http://localhost:47823/_next/static/chunks/node_modules_next_dist_115brz8._.js:2431
[  121908ms] [LOG] h-4 shrink-0 mt-2 @ http://localhost:47823/_next/static/chunks/node_modules_next_dist_115brz8._.js:2431
[  121908ms] [LOG] flex shrink-0 items-center justify-center px-3 pb-2 @ http://localhost:47823/_next/static/chunks/node_modules_next_dist_115brz8._.js:2431
[  121908ms] [LOG] inline-flex items-center whitespace-nowrap font-medium transition-all disabled:pointer-events-none disabled:opacity-50 [&_svg]:pointer-events-none [&_svg:not([class*='size-'])]:size-4 [&_svg]:shrink-0 outline-none focus-visible:border-ring focus-visible:ring-ring/50 focus-visible:ring-[3px] aria-invalid:ring-destructive/20 dark:aria-invalid:ring-destructive/40 aria-invalid:border-destructive border bg-background shadow-xs hover:bg-accent hover:text-accent-foreground dark:bg-input/30 dark:border-input dark:hover:bg-input/50 rounded-md px-3 has-[>svg]:px-2.5 flex-1 justify-center gap-1.5 h-8 text-xs @ http://localhost:47823/_next/static/chunks/node_modules_next_dist_115brz8._.js:2431
[  126937ms] [LOG] Button at y=64: 新对话 class: inline-flex items-center whitespace-nowrap font-medium transition-all disabled:p @ http://localhost:47823/_next/static/chunks/node_modules_next_dist_115brz8._.js:2431
[  126938ms] [LOG] Button at y=64: 搜索会话... class: inline-flex items-center justify-center gap-2 whitespace-nowrap rounded-md text- @ http://localhost:47823/_next/static/chunks/node_modules_next_dist_115brz8._.js:2431
[  126938ms] [LOG] Button at y=64: 内置浏览器 class: inline-flex items-center justify-center gap-2 whitespace-nowrap rounded-md text- @ http://localhost:47823/_next/static/chunks/node_modules_next_dist_115brz8._.js:2431
